[debug] [2024-07-25T09:33:48.070Z] ----------------------------------------------------------------------
[debug] [2024-07-25T09:33:48.073Z] Command:       C:\Program Files\nodejs\node.exe C:\Users\Admin\AppData\Roaming\npm\node_modules\firebase-tools\lib\bin\firebase.js init
[debug] [2024-07-25T09:33:48.073Z] CLI Version:   13.14.1
[debug] [2024-07-25T09:33:48.073Z] Platform:      win32
[debug] [2024-07-25T09:33:48.073Z] Node Version:  v20.15.1
[debug] [2024-07-25T09:33:48.073Z] Time:          Thu Jul 25 2024 16:33:48 GMT+0700 (Indochina Time)
[debug] [2024-07-25T09:33:48.074Z] ----------------------------------------------------------------------
[debug] 
[debug] [2024-07-25T09:33:48.079Z] > command requires scopes: ["email","openid","https://www.googleapis.com/auth/cloudplatformprojects.readonly","https://www.googleapis.com/auth/firebase","https://www.googleapis.com/auth/cloud-platform"]
[debug] [2024-07-25T09:33:48.079Z] > authorizing via signed-in user (sultanapri@students.unnes.ac.id)
[info] 
     ######## #### ########  ######## ########     ###     ######  ########
     ##        ##  ##     ## ##       ##     ##  ##   ##  ##       ##
     ######    ##  ########  ######   ########  #########  ######  ######
     ##        ##  ##    ##  ##       ##     ## ##     ##       ## ##
     ##       #### ##     ## ######## ########  ##     ##  ######  ########

You're about to initialize a Firebase project in this directory:

  C:\xampp\htdocs\katalis2024

Before we get started, keep in mind:

  * You are currently outside your home directory

[info] 
=== Project Setup
[info] 
[info] First, let's associate this project directory with a Firebase project.
[info] You can create multiple project aliases by running firebase use --add, 
[info] but for now we'll just set up a default project.
[info] 
[debug] [2024-07-25T09:33:55.499Z] >>> [apiv2][query] GET https://firebase.googleapis.com/v1beta1/projects pageSize=100
[debug] [2024-07-25T09:33:56.417Z] <<< [apiv2][status] GET https://firebase.googleapis.com/v1beta1/projects 200
[debug] [2024-07-25T09:33:56.417Z] <<< [apiv2][body] GET https://firebase.googleapis.com/v1beta1/projects [omitted]
[info] i  Using project katalis2024 (katalis2024) 
[info] 
=== Database Setup
[info] i  database: ensuring required API firebasedatabase.googleapis.com is enabled... 
[debug] [2024-07-25T09:33:56.969Z] >>> [apiv2][query] GET https://serviceusage.googleapis.com/v1/projects/katalis2024/services/firebasedatabase.googleapis.com [none]
[debug] [2024-07-25T09:33:56.969Z] >>> [apiv2][(partial)header] GET https://serviceusage.googleapis.com/v1/projects/katalis2024/services/firebasedatabase.googleapis.com x-goog-quota-user=projects/katalis2024
[debug] [2024-07-25T09:33:58.490Z] <<< [apiv2][status] GET https://serviceusage.googleapis.com/v1/projects/katalis2024/services/firebasedatabase.googleapis.com 200
[debug] [2024-07-25T09:33:58.490Z] <<< [apiv2][body] GET https://serviceusage.googleapis.com/v1/projects/katalis2024/services/firebasedatabase.googleapis.com [omitted]
[info] +  database: required API firebasedatabase.googleapis.com is enabled 
[info] 
[debug] [2024-07-25T09:33:58.491Z] >>> [apiv2][query] GET https://firebasedatabase.googleapis.com/v1beta/projects/katalis2024/locations/-/instances/katalis2024-default-rtdb [none]
[debug] [2024-07-25T09:33:59.883Z] <<< [apiv2][status] GET https://firebasedatabase.googleapis.com/v1beta/projects/katalis2024/locations/-/instances/katalis2024-default-rtdb 200
[debug] [2024-07-25T09:33:59.883Z] <<< [apiv2][body] GET https://firebasedatabase.googleapis.com/v1beta/projects/katalis2024/locations/-/instances/katalis2024-default-rtdb {"name":"projects/594184616871/locations/us-central1/instances/katalis2024-default-rtdb","project":"projects/594184616871","databaseUrl":"https://katalis2024-default-rtdb.firebaseio.com","type":"DEFAULT_DATABASE","state":"ACTIVE"}
[info] 
[info] Firebase Realtime Database Security Rules allow you to define how your data should be
[info] structured and when your data can be read from and written to.
[info] 
[debug] [2024-07-25T09:34:13.049Z] >>> [apiv2][query] GET https://katalis2024-default-rtdb.firebaseio.com/.settings/rules.json [none]
[debug] [2024-07-25T09:34:13.607Z] <<< [apiv2][status] GET https://katalis2024-default-rtdb.firebaseio.com/.settings/rules.json 200
[debug] [2024-07-25T09:34:13.607Z] <<< [apiv2][body] GET https://katalis2024-default-rtdb.firebaseio.com/.settings/rules.json [stream]
[info] +  Database Rules for katalis2024-default-rtdb have been written to database.rules.json. 
[info] Future modifications to database.rules.json will update Realtime Database Security Rules when you run
[info] firebase deploy.
[info] 
=== Firestore Setup
[debug] [2024-07-25T09:34:13.609Z] >>> [apiv2][query] GET https://serviceusage.googleapis.com/v1/projects/katalis2024/services/firestore.googleapis.com [none]
[debug] [2024-07-25T09:34:13.609Z] >>> [apiv2][(partial)header] GET https://serviceusage.googleapis.com/v1/projects/katalis2024/services/firestore.googleapis.com x-goog-quota-user=projects/katalis2024
[debug] [2024-07-25T09:34:15.260Z] <<< [apiv2][status] GET https://serviceusage.googleapis.com/v1/projects/katalis2024/services/firestore.googleapis.com 200
[debug] [2024-07-25T09:34:15.260Z] <<< [apiv2][body] GET https://serviceusage.googleapis.com/v1/projects/katalis2024/services/firestore.googleapis.com [omitted]
[debug] [2024-07-25T09:34:15.261Z] >>> [apiv2][query] GET https://firestore.googleapis.com/v1/projects/katalis2024/databases/(default) [none]
[debug] [2024-07-25T09:34:16.670Z] <<< [apiv2][status] GET https://firestore.googleapis.com/v1/projects/katalis2024/databases/(default) 200
[debug] [2024-07-25T09:34:16.671Z] <<< [apiv2][body] GET https://firestore.googleapis.com/v1/projects/katalis2024/databases/(default) {"name":"projects/katalis2024/databases/(default)","uid":"a31b32f8-034c-4ab5-a099-7db14b58fa12","createTime":"2024-07-25T09:15:35.189162Z","updateTime":"2024-07-25T09:15:35.189162Z","locationId":"nam5","type":"FIRESTORE_NATIVE","concurrencyMode":"PESSIMISTIC","versionRetentionPeriod":"3600s","earliestVersionTime":"2024-07-25T09:15:35.189162Z","appEngineIntegrationMode":"DISABLED","keyPrefix":"s","pointInTimeRecoveryEnablement":"POINT_IN_TIME_RECOVERY_DISABLED","deleteProtectionState":"DELETE_PROTECTION_DISABLED","etag":"IIHD4MnxwYcDMN2vj/HuwYcD"}
[debug] [2024-07-25T09:34:16.671Z] database_type: FIRESTORE_NATIVE
[debug] [2024-07-25T09:34:16.671Z] > command requires scopes: ["email","openid","https://www.googleapis.com/auth/cloudplatformprojects.readonly","https://www.googleapis.com/auth/firebase","https://www.googleapis.com/auth/cloud-platform"]
[debug] [2024-07-25T09:34:16.671Z] > authorizing via signed-in user (sultanapri@students.unnes.ac.id)
[debug] [2024-07-25T09:34:16.671Z] [iam] checking project katalis2024 for permissions ["firebase.projects.get"]
[debug] [2024-07-25T09:34:16.671Z] >>> [apiv2][query] POST https://cloudresourcemanager.googleapis.com/v1/projects/katalis2024:testIamPermissions [none]
[debug] [2024-07-25T09:34:16.671Z] >>> [apiv2][(partial)header] POST https://cloudresourcemanager.googleapis.com/v1/projects/katalis2024:testIamPermissions x-goog-quota-user=projects/katalis2024
[debug] [2024-07-25T09:34:16.671Z] >>> [apiv2][body] POST https://cloudresourcemanager.googleapis.com/v1/projects/katalis2024:testIamPermissions {"permissions":["firebase.projects.get"]}
[debug] [2024-07-25T09:34:17.758Z] <<< [apiv2][status] POST https://cloudresourcemanager.googleapis.com/v1/projects/katalis2024:testIamPermissions 200
[debug] [2024-07-25T09:34:17.758Z] <<< [apiv2][body] POST https://cloudresourcemanager.googleapis.com/v1/projects/katalis2024:testIamPermissions {"permissions":["firebase.projects.get"]}
[info] 
[info] Firestore Security Rules allow you to define how and when to allow
[info] requests. You can keep these rules in your project directory
[info] and publish them with firebase deploy.
[info] 
[debug] [2024-07-25T09:34:24.641Z] >>> [apiv2][query] GET https://firebaserules.googleapis.com/v1/projects/katalis2024/releases pageSize=10&pageToken=
[debug] [2024-07-25T09:34:24.977Z] <<< [apiv2][status] GET https://firebaserules.googleapis.com/v1/projects/katalis2024/releases 200
[debug] [2024-07-25T09:34:24.977Z] <<< [apiv2][body] GET https://firebaserules.googleapis.com/v1/projects/katalis2024/releases {"releases":[{"name":"projects/katalis2024/releases/cloud.firestore","rulesetName":"projects/katalis2024/rulesets/565d0327-2a76-40dc-8c2b-14f39cdb12db","createTime":"2024-07-25T09:15:43.904843Z","updateTime":"2024-07-25T09:15:43.904843Z"}]}
[debug] [2024-07-25T09:34:24.977Z] Found ruleset: projects/katalis2024/rulesets/565d0327-2a76-40dc-8c2b-14f39cdb12db
[debug] [2024-07-25T09:34:24.977Z] >>> [apiv2][query] GET https://firebaserules.googleapis.com/v1/projects/katalis2024/rulesets/565d0327-2a76-40dc-8c2b-14f39cdb12db [none]
[debug] [2024-07-25T09:34:25.268Z] <<< [apiv2][status] GET https://firebaserules.googleapis.com/v1/projects/katalis2024/rulesets/565d0327-2a76-40dc-8c2b-14f39cdb12db 200
[debug] [2024-07-25T09:34:25.268Z] <<< [apiv2][body] GET https://firebaserules.googleapis.com/v1/projects/katalis2024/rulesets/565d0327-2a76-40dc-8c2b-14f39cdb12db [omitted]
[info] 
[info] Firestore indexes allow you to perform complex queries while
[info] maintaining performance that scales with the size of the result
[info] set. You can keep index definitions in your project directory
[info] and publish them with firebase deploy.
[info] 
[debug] [2024-07-25T09:34:30.177Z] >>> [apiv2][query] GET https://firestore.googleapis.com/v1/projects/katalis2024/databases/(default)/collectionGroups/-/indexes [none]
[debug] [2024-07-25T09:34:30.179Z] >>> [apiv2][query] GET https://firestore.googleapis.com/v1/projects/katalis2024/databases/(default)/collectionGroups/-/fields?filter=indexConfig.usesAncestorConfig=false OR ttlConfig:* [none]
[debug] [2024-07-25T09:34:31.505Z] <<< [apiv2][status] GET https://firestore.googleapis.com/v1/projects/katalis2024/databases/(default)/collectionGroups/-/fields?filter=indexConfig.usesAncestorConfig=false OR ttlConfig:* 200
[debug] [2024-07-25T09:34:31.506Z] <<< [apiv2][body] GET https://firestore.googleapis.com/v1/projects/katalis2024/databases/(default)/collectionGroups/-/fields?filter=indexConfig.usesAncestorConfig=false OR ttlConfig:* {"fields":[{"name":"projects/katalis2024/databases/(default)/collectionGroups/__default__/fields/*","indexConfig":{"indexes":[{"queryScope":"COLLECTION","fields":[{"fieldPath":"*","order":"ASCENDING"}],"state":"READY"},{"queryScope":"COLLECTION","fields":[{"fieldPath":"*","order":"DESCENDING"}],"state":"READY"},{"queryScope":"COLLECTION","fields":[{"fieldPath":"*","arrayConfig":"CONTAINS"}],"state":"READY"}]}}]}
[debug] [2024-07-25T09:34:31.525Z] <<< [apiv2][status] GET https://firestore.googleapis.com/v1/projects/katalis2024/databases/(default)/collectionGroups/-/indexes 200
[debug] [2024-07-25T09:34:31.525Z] <<< [apiv2][body] GET https://firestore.googleapis.com/v1/projects/katalis2024/databases/(default)/collectionGroups/-/indexes {}
[info] 
=== Hosting Setup
[debug] [2024-07-25T09:34:31.527Z] >>> [apiv2][query] GET https://firebase.googleapis.com/v1beta1/projects/katalis2024 [none]
[debug] [2024-07-25T09:34:31.927Z] <<< [apiv2][status] GET https://firebase.googleapis.com/v1beta1/projects/katalis2024 200
[debug] [2024-07-25T09:34:31.927Z] <<< [apiv2][body] GET https://firebase.googleapis.com/v1beta1/projects/katalis2024 {"projectId":"katalis2024","projectNumber":"594184616871","displayName":"katalis2024","name":"projects/katalis2024","resources":{"hostingSite":"katalis2024","realtimeDatabaseInstance":"katalis2024-default-rtdb"},"state":"ACTIVE","etag":"1_143a72ea-caee-4531-868c-14b2a807ce36"}
[info] 
[info] Your public directory is the folder (relative to your project directory) that
[info] will contain Hosting assets to be uploaded with firebase deploy. If you
[info] have a build process for your assets, use your build's output directory.
[info] 
[debug] [2024-07-25T09:34:44.449Z] >>> [apiv2][query] GET https://www.gstatic.com/firebasejs/releases.json [none]
[debug] [2024-07-25T09:34:44.525Z] <<< [apiv2][status] GET https://www.gstatic.com/firebasejs/releases.json 200
[debug] [2024-07-25T09:34:44.525Z] <<< [apiv2][body] GET https://www.gstatic.com/firebasejs/releases.json {"current":{"version":"10.12.4","browserURL":"https://www.gstatic.com/firebasejs/10.12.4/firebase.js","packageURL":"https://www.gstatic.com/firebasejs/10.12.4/firebase.tgz"},"live":{"version":"10.12","browserURL":"https://www.gstatic.com/firebasejs/live/10.12/firebase.js","packageURL":"https://www.gstatic.com/firebasejs/live/10.12/firebase.tgz"},"components":{"analytics":"https://www.gstatic.com/firebasejs/10.12.4/firebase-analytics.js","app":"https://www.gstatic.com/firebasejs/10.12.4/firebase-app.js","app-check":"https://www.gstatic.com/firebasejs/10.12.4/firebase-app-check.js","auth":"https://www.gstatic.com/firebasejs/10.12.4/firebase-auth.js","auth/cordova":"https://www.gstatic.com/firebasejs/10.12.4/firebase-auth/cordova.js","auth/web-extension":"https://www.gstatic.com/firebasejs/10.12.4/firebase-auth/web-extension.js","functions":"https://www.gstatic.com/firebasejs/10.12.4/firebase-functions.js","firestore":"https://www.gstatic.com/firebasejs/10.12.4/firebase-firestore.js","firestore/lite":"https://www.gstatic.com/firebasejs/10.12.4/firebase-firestore/lite.js","installations":"https://www.gstatic.com/firebasejs/10.12.4/firebase-installations.js","storage":"https://www.gstatic.com/firebasejs/10.12.4/firebase-storage.js","performance":"https://www.gstatic.com/firebasejs/10.12.4/firebase-performance.js","remote-config":"https://www.gstatic.com/firebasejs/10.12.4/firebase-remote-config.js","messaging":"https://www.gstatic.com/firebasejs/10.12.4/firebase-messaging.js","messaging/sw":"https://www.gstatic.com/firebasejs/10.12.4/firebase-messaging/sw.js","database":"https://www.gstatic.com/firebasejs/10.12.4/firebase-database.js","vertexai-preview":"https://www.gstatic.com/firebasejs/10.12.4/firebase-vertexai-preview.js","firestore.memory":"https://www.gstatic.com/firebasejs/10.12.4/firebase-firestore.memory.js"}}
[info] +  Wrote public/index.html 
[info] 
[info] i  Detected a .git folder at C:\xampp\htdocs\katalis2024 
[info] i  Authorizing with GitHub to upload your service account to a GitHub repository's secrets store. 
[info] 
[info] Visit this URL on this device to log in:
[info] https://github.com/login/oauth/authorize?client_id=89cf50f02ac6aaed3484&state=208810779&redirect_uri=http%3A%2F%2Flocalhost%3A9005&scope=read%3Auser%20repo%20public_repo
[info] 
[info] Waiting for authentication...
[debug] [2024-07-25T09:37:22.985Z] >>> [apiv2][query] POST https://github.com/login/oauth/access_token [none]
[debug] [2024-07-25T09:37:22.985Z] >>> [apiv2][body] POST https://github.com/login/oauth/access_token [stream]
[debug] [2024-07-25T09:37:23.393Z] <<< [apiv2][status] POST https://github.com/login/oauth/access_token 200
[debug] [2024-07-25T09:37:23.393Z] <<< [apiv2][body] POST https://github.com/login/oauth/access_token {"access_token":"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","token_type":"bearer","scope":"read:user,repo"}
[debug] [2024-07-25T09:37:23.396Z] >>> [apiv2][query] GET https://api.github.com/user [none]
[debug] [2024-07-25T09:37:23.827Z] <<< [apiv2][status] GET https://api.github.com/user 200
[debug] [2024-07-25T09:37:23.827Z] <<< [apiv2][body] GET https://api.github.com/user {"login":"brianwibowoo","id":147987025,"node_id":"U_kgDOCNIaUQ","avatar_url":"https://avatars.githubusercontent.com/u/147987025?v=4","gravatar_id":"","url":"https://api.github.com/users/brianwibowoo","html_url":"https://github.com/brianwibowoo","followers_url":"https://api.github.com/users/brianwibowoo/followers","following_url":"https://api.github.com/users/brianwibowoo/following{/other_user}","gists_url":"https://api.github.com/users/brianwibowoo/gists{/gist_id}","starred_url":"https://api.github.com/users/brianwibowoo/starred{/owner}{/repo}","subscriptions_url":"https://api.github.com/users/brianwibowoo/subscriptions","organizations_url":"https://api.github.com/users/brianwibowoo/orgs","repos_url":"https://api.github.com/users/brianwibowoo/repos","events_url":"https://api.github.com/users/brianwibowoo/events{/privacy}","received_events_url":"https://api.github.com/users/brianwibowoo/received_events","type":"User","site_admin":false,"name":"Brian Wibowo","company":null,"blog":"","location":"Semarang","email":null,"hireable":null,"bio":"I am a dreamer.","twitter_username":null,"public_repos":0,"public_gists":0,"followers":0,"following":0,"created_at":"2023-10-15T12:58:08Z","updated_at":"2024-07-18T09:07:42Z","private_gists":0,"total_private_repos":1,"owned_private_repos":1,"disk_usage":0,"collaborators":0,"two_factor_authentication":false,"plan":{"name":"free","space":976562499,"collaborators":0,"private_repos":10000}}
[info] 
[info] +  Success! Logged into GitHub as brianwibowoo 
[info] 
